# Log from device (COM5)
# Started: 2026-02-09T07:14:25.413477
# Baudrate: 115200
------------------------------------------------------------
[07:14:28.401] *** Booting nRF Connect SDK v3.2.1-d8887f6f32df ***
[07:14:28.405] *** Using Zephyr OS v4.2.99-ec78104f1569 ***
[07:14:28.414] [00:00:00.000,579] [0m<inf> bt_sdc_hci_driver: SoftDevice Controller build revision: 
[07:14:28.424]                                             9b 8f ac c3 1d 42 ae 44  fa cd 1f c3 48 a0 b4 2f |.....B.D ....H../
[07:14:28.435]                                             cf 29 ee 3d                                      |.).=             [0m
[07:14:28.443] [00:00:00.003,540] [0m<inf> bt_hci_core: HW Platform: Nordic Semiconductor (0x0002)[0m
[07:14:28.449] [00:00:00.003,570] [0m<inf> bt_hci_core: HW Variant: nRF52x (0x0002)[0m
[07:14:28.461] [00:00:00.003,601] [0m<inf> bt_hci_core: Firmware: Standard Bluetooth controller (0x00) Version 155.44175 Build 2923568579[0m
[07:14:28.467] [00:00:00.004,516] [0m<inf> bt_hci_core: HCI transport: SDC[0m
[07:14:28.475] [00:00:00.004,608] [0m<inf> bt_hci_core: Identity: E8:2B:68:5E:01:1A (random)[0m
[07:14:28.484] [00:00:00.004,638] [0m<inf> bt_hci_core: HCI: version 6.2 (0x10) revision 0x1020, manufacturer 0x0059[0m
[07:14:28.492] [00:00:00.004,669] [0m<inf> bt_hci_core: LMP: version 6.2 (0x10) subver 0x1020[0m
[07:14:28.494] Bluetooth initialized
[07:14:28.499] Starting Legacy Advertising (connectable and scannable)
[07:14:28.502] Advertising successfully started
[07:14:28.505] Checking LED device...done.
[07:14:28.507] Configuring GPIO pin...done.
[07:14:28.509] Start blinking LED...
